<?xml version="1.0" encoding="UTF-8"?>
<coverage generated="1700130162723" clover="3.2.0">
  <project timestamp="1700130162724" name="All files">
    <metrics statements="221" coveredstatements="192" conditionals="53" coveredconditionals="39" methods="27" coveredmethods="24" elements="301" coveredelements="255" complexity="0" loc="221" ncloc="221" packages="6" files="13" classes="13"/>
    <package name="server">
      <metrics statements="10" coveredstatements="10" conditionals="2" coveredconditionals="1" methods="0" coveredmethods="0"/>
      <file name="app.js" path="D:\hacktivTask\Phase2\IP-RMT42\server\app.js">
        <metrics statements="10" coveredstatements="10" conditionals="2" coveredconditionals="1" methods="0" coveredmethods="0"/>
        <line num="1" count="7" type="cond" truecount="1" falsecount="1"/>
        <line num="2" count="7" type="stmt"/>
        <line num="6" count="7" type="stmt"/>
        <line num="7" count="7" type="stmt"/>
        <line num="8" count="7" type="stmt"/>
        <line num="11" count="7" type="stmt"/>
        <line num="12" count="7" type="stmt"/>
        <line num="13" count="7" type="stmt"/>
        <line num="14" count="7" type="stmt"/>
        <line num="16" count="7" type="stmt"/>
      </file>
    </package>
    <package name="server.controllers">
      <metrics statements="77" coveredstatements="55" conditionals="16" coveredconditionals="10" methods="10" coveredmethods="7"/>
      <file name="PaymentGate.js" path="D:\hacktivTask\Phase2\IP-RMT42\server\controllers\PaymentGate.js">
        <metrics statements="10" coveredstatements="3" conditionals="0" coveredconditionals="0" methods="1" coveredmethods="0"/>
        <line num="1" count="7" type="stmt"/>
        <line num="2" count="7" type="stmt"/>
        <line num="6" count="0" type="stmt"/>
        <line num="7" count="0" type="stmt"/>
        <line num="12" count="0" type="stmt"/>
        <line num="14" count="0" type="stmt"/>
        <line num="30" count="0" type="stmt"/>
        <line num="32" count="0" type="stmt"/>
        <line num="34" count="0" type="stmt"/>
        <line num="41" count="7" type="stmt"/>
      </file>
      <file name="TeamController.js" path="D:\hacktivTask\Phase2\IP-RMT42\server\controllers\TeamController.js">
        <metrics statements="35" coveredstatements="32" conditionals="6" coveredconditionals="3" methods="5" coveredmethods="5"/>
        <line num="1" count="7" type="stmt"/>
        <line num="2" count="7" type="stmt"/>
        <line num="3" count="7" type="stmt"/>
        <line num="6" count="7" type="stmt"/>
        <line num="15" count="1" type="stmt"/>
        <line num="16" count="1" type="stmt"/>
        <line num="22" count="1" type="stmt"/>
        <line num="24" count="0" type="stmt"/>
        <line num="29" count="2" type="stmt"/>
        <line num="30" count="2" type="stmt"/>
        <line num="31" count="2" type="stmt"/>
        <line num="32" count="1" type="stmt"/>
        <line num="34" count="1" type="stmt"/>
        <line num="39" count="1" type="stmt"/>
        <line num="40" count="1" type="stmt"/>
        <line num="41" count="1" type="stmt"/>
        <line num="42" count="1" type="cond" truecount="1" falsecount="1"/>
        <line num="43" count="1" type="stmt"/>
        <line num="45" count="0" type="stmt"/>
        <line num="50" count="1" type="stmt"/>
        <line num="51" count="1" type="stmt"/>
        <line num="52" count="1" type="stmt"/>
        <line num="53" count="1" type="cond" truecount="1" falsecount="1"/>
        <line num="54" count="1" type="stmt"/>
        <line num="55" count="1" type="stmt"/>
        <line num="57" count="0" type="stmt"/>
        <line num="62" count="2" type="stmt"/>
        <line num="63" count="2" type="stmt"/>
        <line num="64" count="2" type="stmt"/>
        <line num="65" count="2" type="stmt"/>
        <line num="66" count="2" type="cond" truecount="1" falsecount="1"/>
        <line num="67" count="2" type="stmt"/>
        <line num="68" count="1" type="stmt"/>
        <line num="70" count="1" type="stmt"/>
        <line num="95" count="7" type="stmt"/>
      </file>
      <file name="UserController.js" path="D:\hacktivTask\Phase2\IP-RMT42\server\controllers\UserController.js">
        <metrics statements="32" coveredstatements="20" conditionals="10" coveredconditionals="7" methods="4" coveredmethods="2"/>
        <line num="1" count="7" type="stmt"/>
        <line num="2" count="7" type="stmt"/>
        <line num="3" count="7" type="stmt"/>
        <line num="8" count="7" type="stmt"/>
        <line num="9" count="7" type="stmt"/>
        <line num="11" count="7" type="stmt"/>
        <line num="12" count="1" type="stmt"/>
        <line num="17" count="6" type="stmt"/>
        <line num="22" count="5" type="stmt"/>
        <line num="23" count="5" type="stmt"/>
        <line num="24" count="5" type="cond" truecount="2" falsecount="0"/>
        <line num="25" count="4" type="cond" truecount="2" falsecount="0"/>
        <line num="27" count="3" type="stmt"/>
        <line num="29" count="3" type="cond" truecount="2" falsecount="0"/>
        <line num="31" count="1" type="stmt"/>
        <line num="33" count="1" type="cond" truecount="1" falsecount="1"/>
        <line num="35" count="1" type="stmt"/>
        <line num="36" count="1" type="stmt"/>
        <line num="38" count="4" type="stmt"/>
        <line num="43" count="0" type="stmt"/>
        <line num="44" count="0" type="stmt"/>
        <line num="45" count="0" type="stmt"/>
        <line num="46" count="0" type="stmt"/>
        <line num="50" count="0" type="stmt"/>
        <line num="52" count="0" type="stmt"/>
        <line num="61" count="0" type="stmt"/>
        <line num="62" count="0" type="cond" truecount="0" falsecount="2"/>
        <line num="64" count="0" type="stmt"/>
        <line num="69" count="0" type="stmt"/>
        <line num="70" count="0" type="stmt"/>
        <line num="72" count="0" type="stmt"/>
        <line num="77" count="7" type="stmt"/>
      </file>
    </package>
    <package name="server.helper">
      <metrics statements="15" coveredstatements="15" conditionals="0" coveredconditionals="0" methods="4" coveredmethods="4"/>
      <file name="bcrypt.js" path="D:\hacktivTask\Phase2\IP-RMT42\server\helper\bcrypt.js">
        <metrics statements="8" coveredstatements="8" conditionals="0" coveredconditionals="0" methods="2" coveredmethods="2"/>
        <line num="1" count="7" type="stmt"/>
        <line num="3" count="7" type="stmt"/>
        <line num="4" count="23" type="stmt"/>
        <line num="5" count="23" type="stmt"/>
        <line num="6" count="23" type="stmt"/>
        <line num="8" count="7" type="stmt"/>
        <line num="9" count="1" type="stmt"/>
        <line num="14" count="7" type="stmt"/>
      </file>
      <file name="jwt.js" path="D:\hacktivTask\Phase2\IP-RMT42\server\helper\jwt.js">
        <metrics statements="7" coveredstatements="7" conditionals="0" coveredconditionals="0" methods="2" coveredmethods="2"/>
        <line num="1" count="7" type="stmt"/>
        <line num="2" count="7" type="stmt"/>
        <line num="4" count="7" type="stmt"/>
        <line num="5" count="11" type="stmt"/>
        <line num="7" count="7" type="stmt"/>
        <line num="8" count="19" type="stmt"/>
        <line num="11" count="7" type="stmt"/>
      </file>
    </package>
    <package name="server.middlewares">
      <metrics statements="62" coveredstatements="56" conditionals="25" coveredconditionals="21" methods="5" coveredmethods="5"/>
      <file name="authentication.js" path="D:\hacktivTask\Phase2\IP-RMT42\server\middlewares\authentication.js">
        <metrics statements="12" coveredstatements="12" conditionals="4" coveredconditionals="3" methods="1" coveredmethods="1"/>
        <line num="1" count="7" type="stmt"/>
        <line num="3" count="7" type="stmt"/>
        <line num="5" count="24" type="stmt"/>
        <line num="6" count="24" type="cond" truecount="2" falsecount="0"/>
        <line num="7" count="19" type="stmt"/>
        <line num="8" count="19" type="stmt"/>
        <line num="9" count="14" type="stmt"/>
        <line num="10" count="14" type="cond" truecount="1" falsecount="1"/>
        <line num="11" count="14" type="stmt"/>
        <line num="12" count="14" type="stmt"/>
        <line num="14" count="10" type="stmt"/>
        <line num="18" count="7" type="stmt"/>
      </file>
      <file name="authorization.js" path="D:\hacktivTask\Phase2\IP-RMT42\server\middlewares\authorization.js">
        <metrics statements="16" coveredstatements="16" conditionals="10" coveredconditionals="9" methods="2" coveredmethods="2"/>
        <line num="1" count="7" type="stmt"/>
        <line num="3" count="3" type="stmt"/>
        <line num="4" count="3" type="cond" truecount="2" falsecount="0"/>
        <line num="5" count="2" type="stmt"/>
        <line num="7" count="1" type="stmt"/>
        <line num="12" count="9" type="stmt"/>
        <line num="13" count="9" type="stmt"/>
        <line num="14" count="9" type="stmt"/>
        <line num="15" count="9" type="cond" truecount="2" falsecount="0"/>
        <line num="16" count="7" type="cond" truecount="2" falsecount="0"/>
        <line num="17" count="5" type="cond" truecount="2" falsecount="0"/>
        <line num="18" count="2" type="cond" truecount="1" falsecount="1"/>
        <line num="19" count="2" type="stmt"/>
        <line num="22" count="3" type="stmt"/>
        <line num="24" count="6" type="stmt"/>
        <line num="31" count="7" type="stmt"/>
      </file>
      <file name="errorHandler.js" path="D:\hacktivTask\Phase2\IP-RMT42\server\middlewares\errorHandler.js">
        <metrics statements="34" coveredstatements="28" conditionals="11" coveredconditionals="9" methods="2" coveredmethods="2"/>
        <line num="3" count="29" type="cond" truecount="9" falsecount="2"/>
        <line num="6" count="8" type="stmt"/>
        <line num="7" count="8" type="stmt"/>
        <line num="8" count="32" type="stmt"/>
        <line num="10" count="8" type="stmt"/>
        <line num="12" count="1" type="stmt"/>
        <line num="13" count="1" type="stmt"/>
        <line num="14" count="1" type="stmt"/>
        <line num="16" count="1" type="stmt"/>
        <line num="17" count="1" type="stmt"/>
        <line num="18" count="1" type="stmt"/>
        <line num="20" count="0" type="stmt"/>
        <line num="21" count="0" type="stmt"/>
        <line num="22" count="0" type="stmt"/>
        <line num="24" count="2" type="stmt"/>
        <line num="25" count="2" type="stmt"/>
        <line num="26" count="2" type="stmt"/>
        <line num="28" count="5" type="stmt"/>
        <line num="29" count="5" type="stmt"/>
        <line num="30" count="5" type="stmt"/>
        <line num="32" count="5" type="stmt"/>
        <line num="33" count="5" type="stmt"/>
        <line num="34" count="5" type="stmt"/>
        <line num="36" count="5" type="stmt"/>
        <line num="37" count="5" type="stmt"/>
        <line num="38" count="5" type="stmt"/>
        <line num="40" count="2" type="stmt"/>
        <line num="41" count="2" type="stmt"/>
        <line num="42" count="2" type="stmt"/>
        <line num="44" count="0" type="stmt"/>
        <line num="45" count="0" type="stmt"/>
        <line num="46" count="0" type="stmt"/>
        <line num="48" count="29" type="stmt"/>
        <line num="51" count="7" type="stmt"/>
      </file>
    </package>
    <package name="server.models">
      <metrics statements="34" coveredstatements="33" conditionals="10" coveredconditionals="7" methods="8" coveredmethods="8"/>
      <file name="index.js" path="D:\hacktivTask\Phase2\IP-RMT42\server\models\index.js">
        <metrics statements="21" coveredstatements="20" conditionals="10" coveredconditionals="7" methods="3" coveredmethods="3"/>
        <line num="3" count="7" type="stmt"/>
        <line num="4" count="7" type="stmt"/>
        <line num="5" count="7" type="stmt"/>
        <line num="6" count="7" type="stmt"/>
        <line num="7" count="7" type="stmt"/>
        <line num="8" count="7" type="cond" truecount="1" falsecount="1"/>
        <line num="9" count="7" type="stmt"/>
        <line num="10" count="7" type="stmt"/>
        <line num="13" count="7" type="cond" truecount="1" falsecount="1"/>
        <line num="14" count="0" type="stmt"/>
        <line num="16" count="7" type="stmt"/>
        <line num="19" count="7" type="stmt"/>
        <line num="22" count="21" type="stmt"/>
        <line num="30" count="14" type="stmt"/>
        <line num="31" count="14" type="stmt"/>
        <line num="34" count="7" type="stmt"/>
        <line num="35" count="14" type="cond" truecount="1" falsecount="1"/>
        <line num="36" count="14" type="stmt"/>
        <line num="40" count="7" type="stmt"/>
        <line num="41" count="7" type="stmt"/>
        <line num="43" count="7" type="stmt"/>
      </file>
      <file name="team.js" path="D:\hacktivTask\Phase2\IP-RMT42\server\models\team.js">
        <metrics statements="5" coveredstatements="5" conditionals="0" coveredconditionals="0" methods="2" coveredmethods="2"/>
        <line num="4" count="7" type="stmt"/>
        <line num="5" count="7" type="stmt"/>
        <line num="14" count="7" type="stmt"/>
        <line num="17" count="7" type="stmt"/>
        <line num="146" count="7" type="stmt"/>
      </file>
      <file name="user.js" path="D:\hacktivTask\Phase2\IP-RMT42\server\models\user.js">
        <metrics statements="8" coveredstatements="8" conditionals="0" coveredconditionals="0" methods="3" coveredmethods="3"/>
        <line num="4" count="7" type="stmt"/>
        <line num="5" count="7" type="stmt"/>
        <line num="6" count="7" type="stmt"/>
        <line num="15" count="7" type="stmt"/>
        <line num="18" count="7" type="stmt"/>
        <line num="57" count="7" type="stmt"/>
        <line num="58" count="15" type="stmt"/>
        <line num="61" count="7" type="stmt"/>
      </file>
    </package>
    <package name="server.routes">
      <metrics statements="23" coveredstatements="23" conditionals="0" coveredconditionals="0" methods="0" coveredmethods="0"/>
      <file name="index.js" path="D:\hacktivTask\Phase2\IP-RMT42\server\routes\index.js">
        <metrics statements="23" coveredstatements="23" conditionals="0" coveredconditionals="0" methods="0" coveredmethods="0"/>
        <line num="1" count="7" type="stmt"/>
        <line num="2" count="7" type="stmt"/>
        <line num="3" count="7" type="stmt"/>
        <line num="4" count="7" type="stmt"/>
        <line num="5" count="7" type="stmt"/>
        <line num="6" count="7" type="stmt"/>
        <line num="8" count="7" type="stmt"/>
        <line num="9" count="7" type="stmt"/>
        <line num="10" count="7" type="stmt"/>
        <line num="11" count="7" type="stmt"/>
        <line num="13" count="7" type="stmt"/>
        <line num="14" count="7" type="stmt"/>
        <line num="15" count="7" type="stmt"/>
        <line num="18" count="7" type="stmt"/>
        <line num="19" count="7" type="stmt"/>
        <line num="20" count="7" type="stmt"/>
        <line num="21" count="7" type="stmt"/>
        <line num="22" count="7" type="stmt"/>
        <line num="23" count="7" type="stmt"/>
        <line num="24" count="7" type="stmt"/>
        <line num="25" count="7" type="stmt"/>
        <line num="30" count="7" type="stmt"/>
        <line num="32" count="7" type="stmt"/>
      </file>
    </package>
  </project>
</coverage>
