{"D:\\hacktivTask\\Phase2\\IP-RMT42\\server\\app.js": {"path":"D:\\hacktivTask\\Phase2\\IP-RMT42\\server\\app.js","statementMap":{"0":{"start":{"line":1,"column":0},"end":{"line":3,"column":1}},"1":{"start":{"line":2,"column":4},"end":{"line":2,"column":31}},"2":{"start":{"line":6,"column":16},"end":{"line":6,"column":34}},"3":{"start":{"line":7,"column":12},"end":{"line":7,"column":21}},"4":{"start":{"line":8,"column":13},"end":{"line":8,"column":28}},"5":{"start":{"line":11,"column":0},"end":{"line":11,"column":16}},"6":{"start":{"line":12,"column":0},"end":{"line":12,"column":49}},"7":{"start":{"line":13,"column":0},"end":{"line":13,"column":24}},"8":{"start":{"line":14,"column":0},"end":{"line":14,"column":28}},"9":{"start":{"line":16,"column":0},"end":{"line":16,"column":21}}},"fnMap":{},"branchMap":{"0":{"loc":{"start":{"line":1,"column":0},"end":{"line":3,"column":1}},"type":"if","locations":[{"start":{"line":1,"column":0},"end":{"line":3,"column":1}},{"start":{},"end":{}}],"line":1}},"s":{"0":6,"1":6,"2":6,"3":6,"4":6,"5":6,"6":6,"7":6,"8":6,"9":6},"f":{},"b":{"0":[6,0]},"_coverageSchema":"1a1c01bbd47fc00a2c39e90264f33305004495a9","hash":"c943927bf0708060962c6d7a9929f9dc10bb59f4"}
,"D:\\hacktivTask\\Phase2\\IP-RMT42\\server\\controllers\\TeamController.js": {"path":"D:\\hacktivTask\\Phase2\\IP-RMT42\\server\\controllers\\TeamController.js","statementMap":{"0":{"start":{"line":1,"column":23},"end":{"line":1,"column":43}},"1":{"start":{"line":2,"column":19},"end":{"line":2,"column":43}},"2":{"start":{"line":3,"column":23},"end":{"line":3,"column":40}},"3":{"start":{"line":6,"column":0},"end":{"line":10,"column":3}},"4":{"start":{"line":15,"column":8},"end":{"line":25,"column":9}},"5":{"start":{"line":16,"column":26},"end":{"line":21,"column":14}},"6":{"start":{"line":22,"column":12},"end":{"line":22,"column":39}},"7":{"start":{"line":24,"column":12},"end":{"line":24,"column":23}},"8":{"start":{"line":29,"column":8},"end":{"line":35,"column":9}},"9":{"start":{"line":30,"column":94},"end":{"line":30,"column":102}},"10":{"start":{"line":31,"column":25},"end":{"line":31,"column":140}},"11":{"start":{"line":32,"column":12},"end":{"line":32,"column":38}},"12":{"start":{"line":34,"column":12},"end":{"line":34,"column":23}},"13":{"start":{"line":39,"column":8},"end":{"line":46,"column":9}},"14":{"start":{"line":40,"column":27},"end":{"line":40,"column":37}},"15":{"start":{"line":41,"column":25},"end":{"line":41,"column":48}},"16":{"start":{"line":42,"column":12},"end":{"line":42,"column":48}},"17":{"start":{"line":42,"column":22},"end":{"line":42,"column":48}},"18":{"start":{"line":43,"column":12},"end":{"line":43,"column":38}},"19":{"start":{"line":45,"column":12},"end":{"line":45,"column":23}},"20":{"start":{"line":50,"column":8},"end":{"line":58,"column":9}},"21":{"start":{"line":51,"column":27},"end":{"line":51,"column":37}},"22":{"start":{"line":52,"column":25},"end":{"line":52,"column":48}},"23":{"start":{"line":53,"column":12},"end":{"line":53,"column":49}},"24":{"start":{"line":53,"column":22},"end":{"line":53,"column":49}},"25":{"start":{"line":54,"column":12},"end":{"line":54,"column":33}},"26":{"start":{"line":55,"column":12},"end":{"line":55,"column":90}},"27":{"start":{"line":57,"column":12},"end":{"line":57,"column":23}},"28":{"start":{"line":62,"column":8},"end":{"line":71,"column":9}},"29":{"start":{"line":63,"column":27},"end":{"line":63,"column":37}},"30":{"start":{"line":64,"column":94},"end":{"line":64,"column":102}},"31":{"start":{"line":65,"column":25},"end":{"line":65,"column":48}},"32":{"start":{"line":66,"column":12},"end":{"line":66,"column":49}},"33":{"start":{"line":66,"column":22},"end":{"line":66,"column":49}},"34":{"start":{"line":67,"column":12},"end":{"line":67,"column":105}},"35":{"start":{"line":68,"column":12},"end":{"line":68,"column":38}},"36":{"start":{"line":70,"column":12},"end":{"line":70,"column":23}},"37":{"start":{"line":75,"column":8},"end":{"line":90,"column":9}},"38":{"start":{"line":76,"column":27},"end":{"line":76,"column":37}},"39":{"start":{"line":77,"column":12},"end":{"line":77,"column":56}},"40":{"start":{"line":77,"column":27},"end":{"line":77,"column":56}},"41":{"start":{"line":78,"column":25},"end":{"line":78,"column":48}},"42":{"start":{"line":79,"column":12},"end":{"line":79,"column":93}},"43":{"start":{"line":79,"column":23},"end":{"line":79,"column":93}},"44":{"start":{"line":80,"column":31},"end":{"line":80,"column":78}},"45":{"start":{"line":81,"column":28},"end":{"line":81,"column":76}},"46":{"start":{"line":82,"column":25},"end":{"line":84,"column":14}},"47":{"start":{"line":86,"column":12},"end":{"line":86,"column":57}},"48":{"start":{"line":87,"column":12},"end":{"line":87,"column":85}},"49":{"start":{"line":89,"column":12},"end":{"line":89,"column":23}},"50":{"start":{"line":95,"column":0},"end":{"line":95,"column":32}}},"fnMap":{"0":{"name":"(anonymous_0)","decl":{"start":{"line":14,"column":4},"end":{"line":14,"column":5}},"loc":{"start":{"line":14,"column":41},"end":{"line":26,"column":5}},"line":14},"1":{"name":"(anonymous_1)","decl":{"start":{"line":28,"column":4},"end":{"line":28,"column":5}},"loc":{"start":{"line":28,"column":43},"end":{"line":36,"column":5}},"line":28},"2":{"name":"(anonymous_2)","decl":{"start":{"line":38,"column":4},"end":{"line":38,"column":5}},"loc":{"start":{"line":38,"column":40},"end":{"line":47,"column":5}},"line":38},"3":{"name":"(anonymous_3)","decl":{"start":{"line":49,"column":4},"end":{"line":49,"column":5}},"loc":{"start":{"line":49,"column":43},"end":{"line":59,"column":5}},"line":49},"4":{"name":"(anonymous_4)","decl":{"start":{"line":61,"column":4},"end":{"line":61,"column":5}},"loc":{"start":{"line":61,"column":43},"end":{"line":72,"column":5}},"line":61},"5":{"name":"(anonymous_5)","decl":{"start":{"line":74,"column":4},"end":{"line":74,"column":5}},"loc":{"start":{"line":74,"column":43},"end":{"line":91,"column":5}},"line":74}},"branchMap":{"0":{"loc":{"start":{"line":42,"column":12},"end":{"line":42,"column":48}},"type":"if","locations":[{"start":{"line":42,"column":12},"end":{"line":42,"column":48}},{"start":{},"end":{}}],"line":42},"1":{"loc":{"start":{"line":53,"column":12},"end":{"line":53,"column":49}},"type":"if","locations":[{"start":{"line":53,"column":12},"end":{"line":53,"column":49}},{"start":{},"end":{}}],"line":53},"2":{"loc":{"start":{"line":66,"column":12},"end":{"line":66,"column":49}},"type":"if","locations":[{"start":{"line":66,"column":12},"end":{"line":66,"column":49}},{"start":{},"end":{}}],"line":66},"3":{"loc":{"start":{"line":77,"column":12},"end":{"line":77,"column":56}},"type":"if","locations":[{"start":{"line":77,"column":12},"end":{"line":77,"column":56}},{"start":{},"end":{}}],"line":77},"4":{"loc":{"start":{"line":79,"column":12},"end":{"line":79,"column":93}},"type":"if","locations":[{"start":{"line":79,"column":12},"end":{"line":79,"column":93}},{"start":{},"end":{}}],"line":79}},"s":{"0":6,"1":6,"2":6,"3":6,"4":1,"5":1,"6":1,"7":0,"8":2,"9":2,"10":2,"11":1,"12":1,"13":1,"14":1,"15":1,"16":1,"17":0,"18":1,"19":0,"20":1,"21":1,"22":1,"23":1,"24":0,"25":1,"26":1,"27":0,"28":0,"29":0,"30":0,"31":0,"32":0,"33":0,"34":0,"35":0,"36":0,"37":0,"38":0,"39":0,"40":0,"41":0,"42":0,"43":0,"44":0,"45":0,"46":0,"47":0,"48":0,"49":0,"50":6},"f":{"0":1,"1":2,"2":1,"3":1,"4":0,"5":0},"b":{"0":[0,1],"1":[0,1],"2":[0,0],"3":[0,0],"4":[0,0]},"_coverageSchema":"1a1c01bbd47fc00a2c39e90264f33305004495a9","hash":"85ea01968083002cae31137aebd84d94b048a229"}
,"D:\\hacktivTask\\Phase2\\IP-RMT42\\server\\controllers\\UserController.js": {"path":"D:\\hacktivTask\\Phase2\\IP-RMT42\\server\\controllers\\UserController.js","statementMap":{"0":{"start":{"line":1,"column":28},"end":{"line":1,"column":55}},"1":{"start":{"line":2,"column":22},"end":{"line":2,"column":46}},"2":{"start":{"line":3,"column":17},"end":{"line":3,"column":37}},"3":{"start":{"line":8,"column":8},"end":{"line":18,"column":9}},"4":{"start":{"line":9,"column":38},"end":{"line":9,"column":46}},"5":{"start":{"line":11,"column":31},"end":{"line":11,"column":67}},"6":{"start":{"line":12,"column":12},"end":{"line":15,"column":14}},"7":{"start":{"line":17,"column":12},"end":{"line":17,"column":23}},"8":{"start":{"line":22,"column":8},"end":{"line":39,"column":9}},"9":{"start":{"line":23,"column":38},"end":{"line":23,"column":46}},"10":{"start":{"line":24,"column":12},"end":{"line":24,"column":49}},"11":{"start":{"line":24,"column":23},"end":{"line":24,"column":49}},"12":{"start":{"line":25,"column":12},"end":{"line":25,"column":55}},"13":{"start":{"line":25,"column":26},"end":{"line":25,"column":55}},"14":{"start":{"line":27,"column":25},"end":{"line":27,"column":61}},"15":{"start":{"line":29,"column":12},"end":{"line":29,"column":58}},"16":{"start":{"line":29,"column":22},"end":{"line":29,"column":58}},"17":{"start":{"line":31,"column":36},"end":{"line":31,"column":76}},"18":{"start":{"line":33,"column":12},"end":{"line":33,"column":71}},"19":{"start":{"line":33,"column":33},"end":{"line":33,"column":71}},"20":{"start":{"line":35,"column":33},"end":{"line":35,"column":57}},"21":{"start":{"line":36,"column":12},"end":{"line":36,"column":48}},"22":{"start":{"line":38,"column":12},"end":{"line":38,"column":23}},"23":{"start":{"line":43,"column":0},"end":{"line":43,"column":32}}},"fnMap":{"0":{"name":"(anonymous_0)","decl":{"start":{"line":7,"column":4},"end":{"line":7,"column":5}},"loc":{"start":{"line":7,"column":44},"end":{"line":19,"column":5}},"line":7},"1":{"name":"(anonymous_1)","decl":{"start":{"line":21,"column":4},"end":{"line":21,"column":5}},"loc":{"start":{"line":21,"column":43},"end":{"line":40,"column":5}},"line":21}},"branchMap":{"0":{"loc":{"start":{"line":24,"column":12},"end":{"line":24,"column":49}},"type":"if","locations":[{"start":{"line":24,"column":12},"end":{"line":24,"column":49}},{"start":{},"end":{}}],"line":24},"1":{"loc":{"start":{"line":25,"column":12},"end":{"line":25,"column":55}},"type":"if","locations":[{"start":{"line":25,"column":12},"end":{"line":25,"column":55}},{"start":{},"end":{}}],"line":25},"2":{"loc":{"start":{"line":29,"column":12},"end":{"line":29,"column":58}},"type":"if","locations":[{"start":{"line":29,"column":12},"end":{"line":29,"column":58}},{"start":{},"end":{}}],"line":29},"3":{"loc":{"start":{"line":33,"column":12},"end":{"line":33,"column":71}},"type":"if","locations":[{"start":{"line":33,"column":12},"end":{"line":33,"column":71}},{"start":{},"end":{}}],"line":33}},"s":{"0":6,"1":6,"2":6,"3":7,"4":7,"5":7,"6":1,"7":6,"8":5,"9":5,"10":5,"11":1,"12":4,"13":1,"14":3,"15":3,"16":2,"17":1,"18":1,"19":0,"20":1,"21":1,"22":4,"23":6},"f":{"0":7,"1":5},"b":{"0":[1,4],"1":[1,3],"2":[2,1],"3":[0,1]},"_coverageSchema":"1a1c01bbd47fc00a2c39e90264f33305004495a9","hash":"cc048fdd4c1f1c2df4f1a1e20241abd76704ce65"}
,"D:\\hacktivTask\\Phase2\\IP-RMT42\\server\\helper\\bcrypt.js": {"path":"D:\\hacktivTask\\Phase2\\IP-RMT42\\server\\helper\\bcrypt.js","statementMap":{"0":{"start":{"line":1,"column":15},"end":{"line":1,"column":34}},"1":{"start":{"line":3,"column":21},"end":{"line":7,"column":1}},"2":{"start":{"line":4,"column":17},"end":{"line":4,"column":39}},"3":{"start":{"line":5,"column":17},"end":{"line":5,"column":48}},"4":{"start":{"line":6,"column":4},"end":{"line":6,"column":16}},"5":{"start":{"line":8,"column":24},"end":{"line":10,"column":1}},"6":{"start":{"line":9,"column":4},"end":{"line":9,"column":51}},"7":{"start":{"line":14,"column":0},"end":{"line":17,"column":2}}},"fnMap":{"0":{"name":"(anonymous_0)","decl":{"start":{"line":3,"column":21},"end":{"line":3,"column":22}},"loc":{"start":{"line":3,"column":35},"end":{"line":7,"column":1}},"line":3},"1":{"name":"(anonymous_1)","decl":{"start":{"line":8,"column":24},"end":{"line":8,"column":25}},"loc":{"start":{"line":8,"column":49},"end":{"line":10,"column":1}},"line":8}},"branchMap":{},"s":{"0":6,"1":6,"2":19,"3":19,"4":19,"5":6,"6":1,"7":6},"f":{"0":19,"1":1},"b":{},"_coverageSchema":"1a1c01bbd47fc00a2c39e90264f33305004495a9","hash":"3ff1db5b6aa491f47c3d4cdb712f9248ae29260f"}
,"D:\\hacktivTask\\Phase2\\IP-RMT42\\server\\helper\\jwt.js": {"path":"D:\\hacktivTask\\Phase2\\IP-RMT42\\server\\helper\\jwt.js","statementMap":{"0":{"start":{"line":1,"column":12},"end":{"line":1,"column":35}},"1":{"start":{"line":2,"column":15},"end":{"line":2,"column":37}},"2":{"start":{"line":4,"column":18},"end":{"line":6,"column":1}},"3":{"start":{"line":5,"column":4},"end":{"line":5,"column":37}},"4":{"start":{"line":7,"column":20},"end":{"line":9,"column":1}},"5":{"start":{"line":8,"column":4},"end":{"line":8,"column":37}},"6":{"start":{"line":11,"column":0},"end":{"line":14,"column":2}}},"fnMap":{"0":{"name":"(anonymous_0)","decl":{"start":{"line":4,"column":18},"end":{"line":4,"column":19}},"loc":{"start":{"line":4,"column":31},"end":{"line":6,"column":1}},"line":4},"1":{"name":"(anonymous_1)","decl":{"start":{"line":7,"column":20},"end":{"line":7,"column":21}},"loc":{"start":{"line":7,"column":31},"end":{"line":9,"column":1}},"line":7}},"branchMap":{},"s":{"0":6,"1":6,"2":6,"3":8,"4":6,"5":13,"6":6},"f":{"0":8,"1":13},"b":{},"_coverageSchema":"1a1c01bbd47fc00a2c39e90264f33305004495a9","hash":"6c4418a492793526f4e76abe0b9cc62c33fde195"}
,"D:\\hacktivTask\\Phase2\\IP-RMT42\\server\\middlewares\\authentication.js": {"path":"D:\\hacktivTask\\Phase2\\IP-RMT42\\server\\middlewares\\authentication.js","statementMap":{"0":{"start":{"line":1,"column":22},"end":{"line":1,"column":46}},"1":{"start":{"line":3,"column":15},"end":{"line":3,"column":35}},"2":{"start":{"line":5,"column":4},"end":{"line":15,"column":5}},"3":{"start":{"line":6,"column":8},"end":{"line":6,"column":71}},"4":{"start":{"line":6,"column":39},"end":{"line":6,"column":71}},"5":{"start":{"line":7,"column":27},"end":{"line":7,"column":75}},"6":{"start":{"line":8,"column":19},"end":{"line":8,"column":44}},"7":{"start":{"line":9,"column":19},"end":{"line":9,"column":42}},"8":{"start":{"line":10,"column":8},"end":{"line":10,"column":50}},"9":{"start":{"line":10,"column":18},"end":{"line":10,"column":50}},"10":{"start":{"line":11,"column":8},"end":{"line":11,"column":23}},"11":{"start":{"line":12,"column":6},"end":{"line":12,"column":13}},"12":{"start":{"line":14,"column":6},"end":{"line":14,"column":18}},"13":{"start":{"line":18,"column":0},"end":{"line":18,"column":32}}},"fnMap":{"0":{"name":"authentication","decl":{"start":{"line":4,"column":16},"end":{"line":4,"column":30}},"loc":{"start":{"line":4,"column":46},"end":{"line":16,"column":1}},"line":4}},"branchMap":{"0":{"loc":{"start":{"line":6,"column":8},"end":{"line":6,"column":71}},"type":"if","locations":[{"start":{"line":6,"column":8},"end":{"line":6,"column":71}},{"start":{},"end":{}}],"line":6},"1":{"loc":{"start":{"line":10,"column":8},"end":{"line":10,"column":50}},"type":"if","locations":[{"start":{"line":10,"column":8},"end":{"line":10,"column":50}},{"start":{},"end":{}}],"line":10}},"s":{"0":6,"1":6,"2":17,"3":17,"4":4,"5":13,"6":13,"7":9,"8":9,"9":0,"10":9,"11":9,"12":8,"13":6},"f":{"0":17},"b":{"0":[4,13],"1":[0,9]},"_coverageSchema":"1a1c01bbd47fc00a2c39e90264f33305004495a9","hash":"a5037423412cd737250cd3ba2447825b538a619c"}
,"D:\\hacktivTask\\Phase2\\IP-RMT42\\server\\middlewares\\authorization.js": {"path":"D:\\hacktivTask\\Phase2\\IP-RMT42\\server\\middlewares\\authorization.js","statementMap":{"0":{"start":{"line":1,"column":15},"end":{"line":1,"column":35}},"1":{"start":{"line":3,"column":4},"end":{"line":8,"column":5}},"2":{"start":{"line":4,"column":8},"end":{"line":4,"column":70}},"3":{"start":{"line":4,"column":41},"end":{"line":4,"column":70}},"4":{"start":{"line":5,"column":8},"end":{"line":5,"column":14}},"5":{"start":{"line":7,"column":8},"end":{"line":7,"column":19}},"6":{"start":{"line":12,"column":4},"end":{"line":25,"column":5}},"7":{"start":{"line":13,"column":21},"end":{"line":13,"column":31}},"8":{"start":{"line":14,"column":21},"end":{"line":14,"column":44}},"9":{"start":{"line":15,"column":8},"end":{"line":15,"column":44}},"10":{"start":{"line":15,"column":18},"end":{"line":15,"column":44}},"11":{"start":{"line":16,"column":8},"end":{"line":16,"column":67}},"12":{"start":{"line":16,"column":40},"end":{"line":16,"column":67}},"13":{"start":{"line":17,"column":8},"end":{"line":21,"column":9}},"14":{"start":{"line":18,"column":12},"end":{"line":20,"column":13}},"15":{"start":{"line":19,"column":16},"end":{"line":19,"column":43}},"16":{"start":{"line":22,"column":8},"end":{"line":22,"column":14}},"17":{"start":{"line":24,"column":8},"end":{"line":24,"column":19}},"18":{"start":{"line":31,"column":0},"end":{"line":34,"column":2}}},"fnMap":{"0":{"name":"authorizationAdd","decl":{"start":{"line":2,"column":15},"end":{"line":2,"column":31}},"loc":{"start":{"line":2,"column":48},"end":{"line":9,"column":1}},"line":2},"1":{"name":"authorizationEditDelete","decl":{"start":{"line":11,"column":15},"end":{"line":11,"column":38}},"loc":{"start":{"line":11,"column":55},"end":{"line":26,"column":1}},"line":11}},"branchMap":{"0":{"loc":{"start":{"line":4,"column":8},"end":{"line":4,"column":70}},"type":"if","locations":[{"start":{"line":4,"column":8},"end":{"line":4,"column":70}},{"start":{},"end":{}}],"line":4},"1":{"loc":{"start":{"line":15,"column":8},"end":{"line":15,"column":44}},"type":"if","locations":[{"start":{"line":15,"column":8},"end":{"line":15,"column":44}},{"start":{},"end":{}}],"line":15},"2":{"loc":{"start":{"line":16,"column":8},"end":{"line":16,"column":67}},"type":"if","locations":[{"start":{"line":16,"column":8},"end":{"line":16,"column":67}},{"start":{},"end":{}}],"line":16},"3":{"loc":{"start":{"line":17,"column":8},"end":{"line":21,"column":9}},"type":"if","locations":[{"start":{"line":17,"column":8},"end":{"line":21,"column":9}},{"start":{},"end":{}}],"line":17},"4":{"loc":{"start":{"line":18,"column":12},"end":{"line":20,"column":13}},"type":"if","locations":[{"start":{"line":18,"column":12},"end":{"line":20,"column":13}},{"start":{},"end":{}}],"line":18}},"s":{"0":6,"1":3,"2":3,"3":1,"4":2,"5":1,"6":4,"7":4,"8":4,"9":4,"10":1,"11":3,"12":1,"13":2,"14":1,"15":1,"16":1,"17":3,"18":6},"f":{"0":3,"1":4},"b":{"0":[1,2],"1":[1,3],"2":[1,2],"3":[1,1],"4":[1,0]},"_coverageSchema":"1a1c01bbd47fc00a2c39e90264f33305004495a9","hash":"2cf98196917d71011cb85ff86148c640326e4f77"}
,"D:\\hacktivTask\\Phase2\\IP-RMT42\\server\\middlewares\\errorHandler.js": {"path":"D:\\hacktivTask\\Phase2\\IP-RMT42\\server\\middlewares\\errorHandler.js","statementMap":{"0":{"start":{"line":3,"column":4},"end":{"line":47,"column":5}},"1":{"start":{"line":6,"column":12},"end":{"line":6,"column":27}},"2":{"start":{"line":7,"column":12},"end":{"line":9,"column":15}},"3":{"start":{"line":8,"column":16},"end":{"line":8,"column":34}},"4":{"start":{"line":10,"column":12},"end":{"line":10,"column":18}},"5":{"start":{"line":12,"column":12},"end":{"line":12,"column":27}},"6":{"start":{"line":13,"column":12},"end":{"line":13,"column":43}},"7":{"start":{"line":14,"column":12},"end":{"line":14,"column":18}},"8":{"start":{"line":16,"column":12},"end":{"line":16,"column":27}},"9":{"start":{"line":17,"column":12},"end":{"line":17,"column":46}},"10":{"start":{"line":18,"column":12},"end":{"line":18,"column":18}},"11":{"start":{"line":20,"column":12},"end":{"line":20,"column":27}},"12":{"start":{"line":21,"column":12},"end":{"line":21,"column":42}},"13":{"start":{"line":22,"column":12},"end":{"line":22,"column":18}},"14":{"start":{"line":24,"column":12},"end":{"line":24,"column":27}},"15":{"start":{"line":25,"column":12},"end":{"line":25,"column":49}},"16":{"start":{"line":26,"column":12},"end":{"line":26,"column":18}},"17":{"start":{"line":28,"column":12},"end":{"line":28,"column":27}},"18":{"start":{"line":29,"column":12},"end":{"line":29,"column":44}},"19":{"start":{"line":30,"column":12},"end":{"line":30,"column":18}},"20":{"start":{"line":32,"column":12},"end":{"line":32,"column":27}},"21":{"start":{"line":33,"column":12},"end":{"line":33,"column":42}},"22":{"start":{"line":34,"column":12},"end":{"line":34,"column":18}},"23":{"start":{"line":36,"column":12},"end":{"line":36,"column":27}},"24":{"start":{"line":37,"column":12},"end":{"line":37,"column":49}},"25":{"start":{"line":38,"column":12},"end":{"line":38,"column":18}},"26":{"start":{"line":40,"column":12},"end":{"line":40,"column":27}},"27":{"start":{"line":41,"column":12},"end":{"line":41,"column":42}},"28":{"start":{"line":42,"column":12},"end":{"line":42,"column":18}},"29":{"start":{"line":44,"column":12},"end":{"line":44,"column":27}},"30":{"start":{"line":45,"column":12},"end":{"line":45,"column":48}},"31":{"start":{"line":46,"column":12},"end":{"line":46,"column":18}},"32":{"start":{"line":48,"column":4},"end":{"line":48,"column":43}},"33":{"start":{"line":51,"column":0},"end":{"line":51,"column":30}}},"fnMap":{"0":{"name":"errorHandler","decl":{"start":{"line":1,"column":9},"end":{"line":1,"column":21}},"loc":{"start":{"line":1,"column":45},"end":{"line":49,"column":1}},"line":1},"1":{"name":"(anonymous_1)","decl":{"start":{"line":7,"column":39},"end":{"line":7,"column":40}},"loc":{"start":{"line":7,"column":45},"end":{"line":9,"column":13}},"line":7}},"branchMap":{"0":{"loc":{"start":{"line":3,"column":4},"end":{"line":47,"column":5}},"type":"switch","locations":[{"start":{"line":4,"column":8},"end":{"line":4,"column":40}},{"start":{"line":5,"column":8},"end":{"line":10,"column":18}},{"start":{"line":11,"column":8},"end":{"line":14,"column":18}},{"start":{"line":15,"column":8},"end":{"line":18,"column":18}},{"start":{"line":19,"column":8},"end":{"line":22,"column":18}},{"start":{"line":23,"column":8},"end":{"line":26,"column":18}},{"start":{"line":27,"column":8},"end":{"line":30,"column":18}},{"start":{"line":31,"column":8},"end":{"line":34,"column":18}},{"start":{"line":35,"column":8},"end":{"line":38,"column":18}},{"start":{"line":39,"column":8},"end":{"line":42,"column":18}},{"start":{"line":43,"column":8},"end":{"line":46,"column":18}}],"line":3}},"s":{"0":23,"1":7,"2":7,"3":20,"4":7,"5":1,"6":1,"7":1,"8":1,"9":1,"10":1,"11":0,"12":0,"13":0,"14":2,"15":2,"16":2,"17":4,"18":4,"19":4,"20":4,"21":4,"22":4,"23":3,"24":3,"25":3,"26":1,"27":1,"28":1,"29":0,"30":0,"31":0,"32":23,"33":6},"f":{"0":23,"1":20},"b":{"0":[6,7,1,1,0,2,4,4,3,1,0]},"_coverageSchema":"1a1c01bbd47fc00a2c39e90264f33305004495a9","hash":"c586713054d0e6b19b1d3a67acb55d1c2d000c44"}
,"D:\\hacktivTask\\Phase2\\IP-RMT42\\server\\models\\index.js": {"path":"D:\\hacktivTask\\Phase2\\IP-RMT42\\server\\models\\index.js","statementMap":{"0":{"start":{"line":3,"column":11},"end":{"line":3,"column":24}},"1":{"start":{"line":4,"column":13},"end":{"line":4,"column":28}},"2":{"start":{"line":5,"column":18},"end":{"line":5,"column":38}},"3":{"start":{"line":6,"column":16},"end":{"line":6,"column":34}},"4":{"start":{"line":7,"column":17},"end":{"line":7,"column":42}},"5":{"start":{"line":8,"column":12},"end":{"line":8,"column":49}},"6":{"start":{"line":9,"column":15},"end":{"line":9,"column":65}},"7":{"start":{"line":10,"column":11},"end":{"line":10,"column":13}},"8":{"start":{"line":13,"column":0},"end":{"line":17,"column":1}},"9":{"start":{"line":14,"column":2},"end":{"line":14,"column":74}},"10":{"start":{"line":16,"column":2},"end":{"line":16,"column":87}},"11":{"start":{"line":19,"column":0},"end":{"line":32,"column":5}},"12":{"start":{"line":22,"column":4},"end":{"line":27,"column":6}},"13":{"start":{"line":30,"column":18},"end":{"line":30,"column":85}},"14":{"start":{"line":31,"column":4},"end":{"line":31,"column":27}},"15":{"start":{"line":34,"column":0},"end":{"line":38,"column":3}},"16":{"start":{"line":35,"column":2},"end":{"line":37,"column":3}},"17":{"start":{"line":36,"column":4},"end":{"line":36,"column":32}},"18":{"start":{"line":40,"column":0},"end":{"line":40,"column":25}},"19":{"start":{"line":41,"column":0},"end":{"line":41,"column":25}},"20":{"start":{"line":43,"column":0},"end":{"line":43,"column":20}}},"fnMap":{"0":{"name":"(anonymous_0)","decl":{"start":{"line":21,"column":10},"end":{"line":21,"column":11}},"loc":{"start":{"line":21,"column":18},"end":{"line":28,"column":3}},"line":21},"1":{"name":"(anonymous_1)","decl":{"start":{"line":29,"column":11},"end":{"line":29,"column":12}},"loc":{"start":{"line":29,"column":19},"end":{"line":32,"column":3}},"line":29},"2":{"name":"(anonymous_2)","decl":{"start":{"line":34,"column":24},"end":{"line":34,"column":25}},"loc":{"start":{"line":34,"column":37},"end":{"line":38,"column":1}},"line":34}},"branchMap":{"0":{"loc":{"start":{"line":8,"column":12},"end":{"line":8,"column":49}},"type":"binary-expr","locations":[{"start":{"line":8,"column":12},"end":{"line":8,"column":32}},{"start":{"line":8,"column":36},"end":{"line":8,"column":49}}],"line":8},"1":{"loc":{"start":{"line":13,"column":0},"end":{"line":17,"column":1}},"type":"if","locations":[{"start":{"line":13,"column":0},"end":{"line":17,"column":1}},{"start":{"line":15,"column":7},"end":{"line":17,"column":1}}],"line":13},"2":{"loc":{"start":{"line":23,"column":6},"end":{"line":26,"column":37}},"type":"binary-expr","locations":[{"start":{"line":23,"column":6},"end":{"line":23,"column":29}},{"start":{"line":24,"column":6},"end":{"line":24,"column":23}},{"start":{"line":25,"column":6},"end":{"line":25,"column":30}},{"start":{"line":26,"column":6},"end":{"line":26,"column":37}}],"line":23},"3":{"loc":{"start":{"line":35,"column":2},"end":{"line":37,"column":3}},"type":"if","locations":[{"start":{"line":35,"column":2},"end":{"line":37,"column":3}},{"start":{},"end":{}}],"line":35}},"s":{"0":6,"1":6,"2":6,"3":6,"4":6,"5":6,"6":6,"7":6,"8":6,"9":0,"10":6,"11":6,"12":18,"13":12,"14":12,"15":6,"16":12,"17":12,"18":6,"19":6,"20":6},"f":{"0":18,"1":12,"2":12},"b":{"0":[6,0],"1":[0,6],"2":[18,18,12,12],"3":[12,0]},"_coverageSchema":"1a1c01bbd47fc00a2c39e90264f33305004495a9","hash":"3d18381479c9e556bf0f0a0693d1c37ee342517e"}
,"D:\\hacktivTask\\Phase2\\IP-RMT42\\server\\models\\team.js": {"path":"D:\\hacktivTask\\Phase2\\IP-RMT42\\server\\models\\team.js","statementMap":{"0":{"start":{"line":4,"column":4},"end":{"line":4,"column":24}},"1":{"start":{"line":5,"column":0},"end":{"line":141,"column":2}},"2":{"start":{"line":14,"column":6},"end":{"line":14,"column":59}},"3":{"start":{"line":17,"column":2},"end":{"line":139,"column":5}},"4":{"start":{"line":140,"column":2},"end":{"line":140,"column":14}}},"fnMap":{"0":{"name":"(anonymous_0)","decl":{"start":{"line":5,"column":17},"end":{"line":5,"column":18}},"loc":{"start":{"line":5,"column":43},"end":{"line":141,"column":1}},"line":5},"1":{"name":"(anonymous_1)","decl":{"start":{"line":12,"column":4},"end":{"line":12,"column":5}},"loc":{"start":{"line":12,"column":29},"end":{"line":15,"column":5}},"line":12}},"branchMap":{},"s":{"0":6,"1":6,"2":6,"3":6,"4":6},"f":{"0":6,"1":6},"b":{},"_coverageSchema":"1a1c01bbd47fc00a2c39e90264f33305004495a9","hash":"4e904a05ca7d67e91546ad474d3abed289fe3004"}
,"D:\\hacktivTask\\Phase2\\IP-RMT42\\server\\models\\user.js": {"path":"D:\\hacktivTask\\Phase2\\IP-RMT42\\server\\models\\user.js","statementMap":{"0":{"start":{"line":4,"column":4},"end":{"line":4,"column":24}},"1":{"start":{"line":5,"column":25},"end":{"line":5,"column":52}},"2":{"start":{"line":6,"column":0},"end":{"line":62,"column":2}},"3":{"start":{"line":15,"column":6},"end":{"line":15,"column":57}},"4":{"start":{"line":18,"column":2},"end":{"line":55,"column":5}},"5":{"start":{"line":57,"column":2},"end":{"line":59,"column":4}},"6":{"start":{"line":58,"column":4},"end":{"line":58,"column":43}},"7":{"start":{"line":61,"column":2},"end":{"line":61,"column":14}}},"fnMap":{"0":{"name":"(anonymous_0)","decl":{"start":{"line":6,"column":17},"end":{"line":6,"column":18}},"loc":{"start":{"line":6,"column":43},"end":{"line":62,"column":1}},"line":6},"1":{"name":"(anonymous_1)","decl":{"start":{"line":13,"column":4},"end":{"line":13,"column":5}},"loc":{"start":{"line":13,"column":29},"end":{"line":16,"column":5}},"line":13},"2":{"name":"(anonymous_2)","decl":{"start":{"line":57,"column":20},"end":{"line":57,"column":21}},"loc":{"start":{"line":57,"column":28},"end":{"line":59,"column":3}},"line":57}},"branchMap":{},"s":{"0":6,"1":6,"2":6,"3":6,"4":6,"5":6,"6":12,"7":6},"f":{"0":6,"1":6,"2":12},"b":{},"_coverageSchema":"1a1c01bbd47fc00a2c39e90264f33305004495a9","hash":"1f3a320b516b6f0ea684140a37df824ceac2fece"}
,"D:\\hacktivTask\\Phase2\\IP-RMT42\\server\\routes\\index.js": {"path":"D:\\hacktivTask\\Phase2\\IP-RMT42\\server\\routes\\index.js","statementMap":{"0":{"start":{"line":1,"column":23},"end":{"line":1,"column":63}},"1":{"start":{"line":2,"column":23},"end":{"line":2,"column":63}},"2":{"start":{"line":3,"column":23},"end":{"line":3,"column":63}},"3":{"start":{"line":4,"column":52},"end":{"line":4,"column":91}},"4":{"start":{"line":5,"column":21},"end":{"line":5,"column":59}},"5":{"start":{"line":7,"column":15},"end":{"line":7,"column":42}},"6":{"start":{"line":8,"column":15},"end":{"line":8,"column":32}},"7":{"start":{"line":9,"column":16},"end":{"line":9,"column":38}},"8":{"start":{"line":10,"column":15},"end":{"line":10,"column":32}},"9":{"start":{"line":12,"column":0},"end":{"line":12,"column":51}},"10":{"start":{"line":13,"column":0},"end":{"line":13,"column":47}},"11":{"start":{"line":16,"column":0},"end":{"line":16,"column":26}},"12":{"start":{"line":17,"column":0},"end":{"line":17,"column":45}},"13":{"start":{"line":18,"column":0},"end":{"line":18,"column":65}},"14":{"start":{"line":19,"column":0},"end":{"line":19,"column":48}},"15":{"start":{"line":20,"column":0},"end":{"line":20,"column":79}},"16":{"start":{"line":21,"column":0},"end":{"line":21,"column":76}},"17":{"start":{"line":22,"column":0},"end":{"line":22,"column":105}},"18":{"start":{"line":26,"column":0},"end":{"line":26,"column":25}},"19":{"start":{"line":28,"column":0},"end":{"line":28,"column":24}}},"fnMap":{},"branchMap":{},"s":{"0":6,"1":6,"2":6,"3":6,"4":6,"5":6,"6":6,"7":6,"8":6,"9":6,"10":6,"11":6,"12":6,"13":6,"14":6,"15":6,"16":6,"17":6,"18":6,"19":6},"f":{},"b":{},"_coverageSchema":"1a1c01bbd47fc00a2c39e90264f33305004495a9","hash":"f149fe0f7df5b5d8b940d6dbf451f426a20e8f31"}
}
