TN:
SF:app.js
FNF:0
FNH:0
DA:1,7
DA:2,7
DA:6,7
DA:7,7
DA:8,7
DA:11,7
DA:12,7
DA:13,7
DA:14,7
DA:16,7
LF:10
LH:10
BRDA:1,0,0,7
BRDA:1,0,1,0
BRF:2
BRH:1
end_of_record
TN:
SF:controllers\PaymentGate.js
FN:5,(anonymous_0)
FNF:1
FNH:0
FNDA:0,(anonymous_0)
DA:1,7
DA:2,7
DA:6,0
DA:7,0
DA:12,0
DA:14,0
DA:30,0
DA:32,0
DA:34,0
DA:41,7
LF:10
LH:3
BRF:0
BRH:0
end_of_record
TN:
SF:controllers\TeamController.js
FN:14,(anonymous_0)
FN:28,(anonymous_1)
FN:38,(anonymous_2)
FN:49,(anonymous_3)
FN:61,(anonymous_4)
FNF:5
FNH:5
FNDA:1,(anonymous_0)
FNDA:2,(anonymous_1)
FNDA:1,(anonymous_2)
FNDA:1,(anonymous_3)
FNDA:2,(anonymous_4)
DA:1,7
DA:2,7
DA:3,7
DA:6,7
DA:15,1
DA:16,1
DA:22,1
DA:24,0
DA:29,2
DA:30,2
DA:31,2
DA:32,1
DA:34,1
DA:39,1
DA:40,1
DA:41,1
DA:42,1
DA:43,1
DA:45,0
DA:50,1
DA:51,1
DA:52,1
DA:53,1
DA:54,1
DA:55,1
DA:57,0
DA:62,2
DA:63,2
DA:64,2
DA:65,2
DA:66,2
DA:67,2
DA:68,1
DA:70,1
DA:95,7
LF:35
LH:32
BRDA:42,0,0,0
BRDA:42,0,1,1
BRDA:53,1,0,0
BRDA:53,1,1,1
BRDA:66,2,0,0
BRDA:66,2,1,2
BRF:6
BRH:3
end_of_record
TN:
SF:controllers\UserController.js
FN:7,(anonymous_0)
FN:21,(anonymous_1)
FN:42,(anonymous_2)
FN:68,(anonymous_3)
FNF:4
FNH:2
FNDA:7,(anonymous_0)
FNDA:5,(anonymous_1)
FNDA:0,(anonymous_2)
FNDA:0,(anonymous_3)
DA:1,7
DA:2,7
DA:3,7
DA:8,7
DA:9,7
DA:11,7
DA:12,1
DA:17,6
DA:22,5
DA:23,5
DA:24,5
DA:25,4
DA:27,3
DA:29,3
DA:31,1
DA:33,1
DA:35,1
DA:36,1
DA:38,4
DA:43,0
DA:44,0
DA:45,0
DA:46,0
DA:50,0
DA:52,0
DA:61,0
DA:62,0
DA:64,0
DA:69,0
DA:70,0
DA:72,0
DA:77,7
LF:32
LH:20
BRDA:24,0,0,1
BRDA:24,0,1,4
BRDA:25,1,0,1
BRDA:25,1,1,3
BRDA:29,2,0,2
BRDA:29,2,1,1
BRDA:33,3,0,0
BRDA:33,3,1,1
BRDA:62,4,0,0
BRDA:62,4,1,0
BRF:10
BRH:7
end_of_record
TN:
SF:helper\bcrypt.js
FN:3,(anonymous_0)
FN:8,(anonymous_1)
FNF:2
FNH:2
FNDA:23,(anonymous_0)
FNDA:1,(anonymous_1)
DA:1,7
DA:3,7
DA:4,23
DA:5,23
DA:6,23
DA:8,7
DA:9,1
DA:14,7
LF:8
LH:8
BRF:0
BRH:0
end_of_record
TN:
SF:helper\jwt.js
FN:4,(anonymous_0)
FN:7,(anonymous_1)
FNF:2
FNH:2
FNDA:11,(anonymous_0)
FNDA:19,(anonymous_1)
DA:1,7
DA:2,7
DA:4,7
DA:5,11
DA:7,7
DA:8,19
DA:11,7
LF:7
LH:7
BRF:0
BRH:0
end_of_record
TN:
SF:middlewares\authentication.js
FN:4,authentication
FNF:1
FNH:1
FNDA:24,authentication
DA:1,7
DA:3,7
DA:5,24
DA:6,24
DA:7,19
DA:8,19
DA:9,14
DA:10,14
DA:11,14
DA:12,14
DA:14,10
DA:18,7
LF:12
LH:12
BRDA:6,0,0,5
BRDA:6,0,1,19
BRDA:10,1,0,0
BRDA:10,1,1,14
BRF:4
BRH:3
end_of_record
TN:
SF:middlewares\authorization.js
FN:2,authorizationAdd
FN:11,authorizationEditDelete
FNF:2
FNH:2
FNDA:3,authorizationAdd
FNDA:9,authorizationEditDelete
DA:1,7
DA:3,3
DA:4,3
DA:5,2
DA:7,1
DA:12,9
DA:13,9
DA:14,9
DA:15,9
DA:16,7
DA:17,5
DA:18,2
DA:19,2
DA:22,3
DA:24,6
DA:31,7
LF:16
LH:16
BRDA:4,0,0,1
BRDA:4,0,1,2
BRDA:15,1,0,2
BRDA:15,1,1,7
BRDA:16,2,0,2
BRDA:16,2,1,5
BRDA:17,3,0,2
BRDA:17,3,1,3
BRDA:18,4,0,2
BRDA:18,4,1,0
BRF:10
BRH:9
end_of_record
TN:
SF:middlewares\errorHandler.js
FN:1,errorHandler
FN:7,(anonymous_1)
FNF:2
FNH:2
FNDA:29,errorHandler
FNDA:32,(anonymous_1)
DA:3,29
DA:6,8
DA:7,8
DA:8,32
DA:10,8
DA:12,1
DA:13,1
DA:14,1
DA:16,1
DA:17,1
DA:18,1
DA:20,0
DA:21,0
DA:22,0
DA:24,2
DA:25,2
DA:26,2
DA:28,5
DA:29,5
DA:30,5
DA:32,5
DA:33,5
DA:34,5
DA:36,5
DA:37,5
DA:38,5
DA:40,2
DA:41,2
DA:42,2
DA:44,0
DA:45,0
DA:46,0
DA:48,29
DA:51,7
LF:34
LH:28
BRDA:3,0,0,7
BRDA:3,0,1,8
BRDA:3,0,2,1
BRDA:3,0,3,1
BRDA:3,0,4,0
BRDA:3,0,5,2
BRDA:3,0,6,5
BRDA:3,0,7,5
BRDA:3,0,8,5
BRDA:3,0,9,2
BRDA:3,0,10,0
BRF:11
BRH:9
end_of_record
TN:
SF:models\index.js
FN:21,(anonymous_0)
FN:29,(anonymous_1)
FN:34,(anonymous_2)
FNF:3
FNH:3
FNDA:21,(anonymous_0)
FNDA:14,(anonymous_1)
FNDA:14,(anonymous_2)
DA:3,7
DA:4,7
DA:5,7
DA:6,7
DA:7,7
DA:8,7
DA:9,7
DA:10,7
DA:13,7
DA:14,0
DA:16,7
DA:19,7
DA:22,21
DA:30,14
DA:31,14
DA:34,7
DA:35,14
DA:36,14
DA:40,7
DA:41,7
DA:43,7
LF:21
LH:20
BRDA:8,0,0,7
BRDA:8,0,1,0
BRDA:13,1,0,0
BRDA:13,1,1,7
BRDA:23,2,0,21
BRDA:23,2,1,21
BRDA:23,2,2,14
BRDA:23,2,3,14
BRDA:35,3,0,14
BRDA:35,3,1,0
BRF:10
BRH:7
end_of_record
TN:
SF:models\team.js
FN:5,(anonymous_0)
FN:12,(anonymous_1)
FNF:2
FNH:2
FNDA:7,(anonymous_0)
FNDA:7,(anonymous_1)
DA:4,7
DA:5,7
DA:14,7
DA:17,7
DA:146,7
LF:5
LH:5
BRF:0
BRH:0
end_of_record
TN:
SF:models\user.js
FN:6,(anonymous_0)
FN:13,(anonymous_1)
FN:57,(anonymous_2)
FNF:3
FNH:3
FNDA:7,(anonymous_0)
FNDA:7,(anonymous_1)
FNDA:15,(anonymous_2)
DA:4,7
DA:5,7
DA:6,7
DA:15,7
DA:18,7
DA:57,7
DA:58,15
DA:61,7
LF:8
LH:8
BRF:0
BRH:0
end_of_record
TN:
SF:routes\index.js
FNF:0
FNH:0
DA:1,7
DA:2,7
DA:3,7
DA:4,7
DA:5,7
DA:6,7
DA:8,7
DA:9,7
DA:10,7
DA:11,7
DA:13,7
DA:14,7
DA:15,7
DA:18,7
DA:19,7
DA:20,7
DA:21,7
DA:22,7
DA:23,7
DA:24,7
DA:25,7
DA:30,7
DA:32,7
LF:23
LH:23
BRF:0
BRH:0
end_of_record
