TN:
SF:app.js
FNF:0
FNH:0
DA:1,6
DA:2,6
DA:6,6
DA:7,6
DA:8,6
DA:11,6
DA:12,6
DA:13,6
DA:14,6
DA:16,6
LF:10
LH:10
BRDA:1,0,0,6
BRDA:1,0,1,0
BRF:2
BRH:1
end_of_record
TN:
SF:controllers\TeamController.js
FN:14,(anonymous_0)
FN:28,(anonymous_1)
FN:38,(anonymous_2)
FN:49,(anonymous_3)
FN:61,(anonymous_4)
FN:74,(anonymous_5)
FNF:6
FNH:4
FNDA:1,(anonymous_0)
FNDA:2,(anonymous_1)
FNDA:1,(anonymous_2)
FNDA:1,(anonymous_3)
FNDA:0,(anonymous_4)
FNDA:0,(anonymous_5)
DA:1,6
DA:2,6
DA:3,6
DA:6,6
DA:15,1
DA:16,1
DA:22,1
DA:24,0
DA:29,2
DA:30,2
DA:31,2
DA:32,1
DA:34,1
DA:39,1
DA:40,1
DA:41,1
DA:42,1
DA:43,1
DA:45,0
DA:50,1
DA:51,1
DA:52,1
DA:53,1
DA:54,1
DA:55,1
DA:57,0
DA:62,0
DA:63,0
DA:64,0
DA:65,0
DA:66,0
DA:67,0
DA:68,0
DA:70,0
DA:75,0
DA:76,0
DA:77,0
DA:78,0
DA:79,0
DA:80,0
DA:81,0
DA:82,0
DA:86,0
DA:87,0
DA:89,0
DA:95,6
LF:46
LH:24
BRDA:42,0,0,0
BRDA:42,0,1,1
BRDA:53,1,0,0
BRDA:53,1,1,1
BRDA:66,2,0,0
BRDA:66,2,1,0
BRDA:77,3,0,0
BRDA:77,3,1,0
BRDA:79,4,0,0
BRDA:79,4,1,0
BRF:10
BRH:2
end_of_record
TN:
SF:controllers\UserController.js
FN:7,(anonymous_0)
FN:21,(anonymous_1)
FNF:2
FNH:2
FNDA:7,(anonymous_0)
FNDA:5,(anonymous_1)
DA:1,6
DA:2,6
DA:3,6
DA:8,7
DA:9,7
DA:11,7
DA:12,1
DA:17,6
DA:22,5
DA:23,5
DA:24,5
DA:25,4
DA:27,3
DA:29,3
DA:31,1
DA:33,1
DA:35,1
DA:36,1
DA:38,4
DA:43,6
LF:20
LH:20
BRDA:24,0,0,1
BRDA:24,0,1,4
BRDA:25,1,0,1
BRDA:25,1,1,3
BRDA:29,2,0,2
BRDA:29,2,1,1
BRDA:33,3,0,0
BRDA:33,3,1,1
BRF:8
BRH:7
end_of_record
TN:
SF:helper\bcrypt.js
FN:3,(anonymous_0)
FN:8,(anonymous_1)
FNF:2
FNH:2
FNDA:19,(anonymous_0)
FNDA:1,(anonymous_1)
DA:1,6
DA:3,6
DA:4,19
DA:5,19
DA:6,19
DA:8,6
DA:9,1
DA:14,6
LF:8
LH:8
BRF:0
BRH:0
end_of_record
TN:
SF:helper\jwt.js
FN:4,(anonymous_0)
FN:7,(anonymous_1)
FNF:2
FNH:2
FNDA:8,(anonymous_0)
FNDA:13,(anonymous_1)
DA:1,6
DA:2,6
DA:4,6
DA:5,8
DA:7,6
DA:8,13
DA:11,6
LF:7
LH:7
BRF:0
BRH:0
end_of_record
TN:
SF:middlewares\authentication.js
FN:4,authentication
FNF:1
FNH:1
FNDA:17,authentication
DA:1,6
DA:3,6
DA:5,17
DA:6,17
DA:7,13
DA:8,13
DA:9,9
DA:10,9
DA:11,9
DA:12,9
DA:14,8
DA:18,6
LF:12
LH:12
BRDA:6,0,0,4
BRDA:6,0,1,13
BRDA:10,1,0,0
BRDA:10,1,1,9
BRF:4
BRH:3
end_of_record
TN:
SF:middlewares\authorization.js
FN:2,authorizationAdd
FN:11,authorizationEditDelete
FNF:2
FNH:2
FNDA:3,authorizationAdd
FNDA:4,authorizationEditDelete
DA:1,6
DA:3,3
DA:4,3
DA:5,2
DA:7,1
DA:12,4
DA:13,4
DA:14,4
DA:15,4
DA:16,3
DA:17,2
DA:18,1
DA:19,1
DA:22,1
DA:24,3
DA:31,6
LF:16
LH:16
BRDA:4,0,0,1
BRDA:4,0,1,2
BRDA:15,1,0,1
BRDA:15,1,1,3
BRDA:16,2,0,1
BRDA:16,2,1,2
BRDA:17,3,0,1
BRDA:17,3,1,1
BRDA:18,4,0,1
BRDA:18,4,1,0
BRF:10
BRH:9
end_of_record
TN:
SF:middlewares\errorHandler.js
FN:1,errorHandler
FN:7,(anonymous_1)
FNF:2
FNH:2
FNDA:23,errorHandler
FNDA:20,(anonymous_1)
DA:3,23
DA:6,7
DA:7,7
DA:8,20
DA:10,7
DA:12,1
DA:13,1
DA:14,1
DA:16,1
DA:17,1
DA:18,1
DA:20,0
DA:21,0
DA:22,0
DA:24,2
DA:25,2
DA:26,2
DA:28,4
DA:29,4
DA:30,4
DA:32,4
DA:33,4
DA:34,4
DA:36,3
DA:37,3
DA:38,3
DA:40,1
DA:41,1
DA:42,1
DA:44,0
DA:45,0
DA:46,0
DA:48,23
DA:51,6
LF:34
LH:28
BRDA:3,0,0,6
BRDA:3,0,1,7
BRDA:3,0,2,1
BRDA:3,0,3,1
BRDA:3,0,4,0
BRDA:3,0,5,2
BRDA:3,0,6,4
BRDA:3,0,7,4
BRDA:3,0,8,3
BRDA:3,0,9,1
BRDA:3,0,10,0
BRF:11
BRH:9
end_of_record
TN:
SF:models\index.js
FN:21,(anonymous_0)
FN:29,(anonymous_1)
FN:34,(anonymous_2)
FNF:3
FNH:3
FNDA:18,(anonymous_0)
FNDA:12,(anonymous_1)
FNDA:12,(anonymous_2)
DA:3,6
DA:4,6
DA:5,6
DA:6,6
DA:7,6
DA:8,6
DA:9,6
DA:10,6
DA:13,6
DA:14,0
DA:16,6
DA:19,6
DA:22,18
DA:30,12
DA:31,12
DA:34,6
DA:35,12
DA:36,12
DA:40,6
DA:41,6
DA:43,6
LF:21
LH:20
BRDA:8,0,0,6
BRDA:8,0,1,0
BRDA:13,1,0,0
BRDA:13,1,1,6
BRDA:23,2,0,18
BRDA:23,2,1,18
BRDA:23,2,2,12
BRDA:23,2,3,12
BRDA:35,3,0,12
BRDA:35,3,1,0
BRF:10
BRH:7
end_of_record
TN:
SF:models\team.js
FN:5,(anonymous_0)
FN:12,(anonymous_1)
FNF:2
FNH:2
FNDA:6,(anonymous_0)
FNDA:6,(anonymous_1)
DA:4,6
DA:5,6
DA:14,6
DA:17,6
DA:140,6
LF:5
LH:5
BRF:0
BRH:0
end_of_record
TN:
SF:models\user.js
FN:6,(anonymous_0)
FN:13,(anonymous_1)
FN:57,(anonymous_2)
FNF:3
FNH:3
FNDA:6,(anonymous_0)
FNDA:6,(anonymous_1)
FNDA:12,(anonymous_2)
DA:4,6
DA:5,6
DA:6,6
DA:15,6
DA:18,6
DA:57,6
DA:58,12
DA:61,6
LF:8
LH:8
BRF:0
BRH:0
end_of_record
TN:
SF:routes\index.js
FNF:0
FNH:0
DA:1,6
DA:2,6
DA:3,6
DA:4,6
DA:5,6
DA:7,6
DA:8,6
DA:9,6
DA:10,6
DA:12,6
DA:13,6
DA:16,6
DA:17,6
DA:18,6
DA:19,6
DA:20,6
DA:21,6
DA:22,6
DA:26,6
DA:28,6
LF:20
LH:20
BRF:0
BRH:0
end_of_record
